# JRE version: Java(TM) SE Runtime Environment (20.0+36) (build 20+36-2344)
# Java VM: Java HotSpot(TM) 64-Bit Server VM (20+36-2344, mixed mode, sharing, tiered, compressed oops, compressed class ptrs, g1 gc, windows-amd64)
GC Precious Log:
 CardTable entry size: 512
 Card Set container configuration: InlinePtr #cards 4 size 8 Array Of Cards #cards 16 size 48 Howl #buckets 8 coarsen threshold 3686 Howl Bitmap #cards 512 size 80 coarsen threshold 460 Card regions per heap region 1 cards per card region 4096
 CPUs: 12 total, 12 available
 Memory: 15741M
 Large Page Support: Disabled
 NUMA Support: Disabled
 Compressed Oops: Enabled (Zero based)
 Heap Region Size: 2M
 Heap Min Capacity: 8M
 Heap Initial Capacity: 246M
 Heap Max Capacity: 3936M
 Pre-touch: Disabled
 Parallel Workers: 10
 Concurrent Workers: 3
 Concurrent Refinement Workers: 10
 Periodic GC: Disabled
Heap:
 garbage-first heap   total 129024K, used 46782K [0x000000070a000000, 0x0000000800000000)
  region size 2048K, 2 young (4096K), 2 survivors (4096K)
 Metaspace       used 35643K, committed 36416K, reserved 1114112K
  class space    used 4412K, committed 4800K, reserved 1048576K
GC Heap History (11 events):
Event: 0.897 GC heap before
{Heap before GC invocations=0 (full 0):
 garbage-first heap   total 251904K, used 24576K [0x000000070a000000, 0x0000000800000000)
  region size 2048K, 11 young (22528K), 0 survivors (0K)
 Metaspace       used 6484K, committed 6592K, reserved 1114112K
  class space    used 668K, committed 704K, reserved 1048576K
}
Event: 0.900 GC heap after
{Heap after GC invocations=1 (full 0):
 garbage-first heap   total 251904K, used 6975K [0x000000070a000000, 0x0000000800000000)
  region size 2048K, 2 young (4096K), 2 survivors (4096K)
 Metaspace       used 6484K, committed 6592K, reserved 1114112K
  class space    used 668K, committed 704K, reserved 1048576K
}
Event: 1.735 GC heap before
{Heap before GC invocations=1 (full 0):
 garbage-first heap   total 251904K, used 47935K [0x000000070a000000, 0x0000000800000000)
  region size 2048K, 20 young (40960K), 2 survivors (4096K)
 Metaspace       used 17179K, committed 17472K, reserved 1114112K
  class space    used 2217K, committed 2368K, reserved 1048576K
}
Event: 1.748 GC heap after
{Heap after GC invocations=2 (full 0):
 garbage-first heap   total 251904K, used 16545K [0x000000070a000000, 0x0000000800000000)
  region size 2048K, 3 young (6144K), 3 survivors (6144K)
 Metaspace       used 17179K, committed 17472K, reserved 1114112K
  class space    used 2217K, committed 2368K, reserved 1048576K
}
Event: 2.439 GC heap before
{Heap before GC invocations=2 (full 0):
 garbage-first heap   total 251904K, used 86177K [0x000000070a000000, 0x0000000800000000)
  region size 2048K, 37 young (75776K), 3 survivors (6144K)
 Metaspace       used 21305K, committed 21504K, reserved 1114112K
  class space    used 2844K, committed 2944K, reserved 1048576K
}
Event: 2.457 GC heap after
{Heap after GC invocations=3 (full 0):
 garbage-first heap   total 251904K, used 25039K [0x000000070a000000, 0x0000000800000000)
  region size 2048K, 10 young (20480K), 10 survivors (20480K)
 Metaspace       used 21305K, committed 21504K, reserved 1114112K
  class space    used 2844K, committed 2944K, reserved 1048576K
}
Event: 3.208 GC heap before
{Heap before GC invocations=4 (full 0):
 garbage-first heap   total 96256K, used 94671K [0x000000070a000000, 0x0000000800000000)
  region size 2048K, 40 young (81920K), 10 survivors (20480K)
 Metaspace       used 31005K, committed 31744K, reserved 1114112K
  class space    used 3893K, committed 4224K, reserved 1048576K
}
Event: 3.230 GC heap after
{Heap after GC invocations=5 (full 0):
 garbage-first heap   total 129024K, used 43923K [0x000000070a000000, 0x0000000800000000)
  region size 2048K, 5 young (10240K), 5 survivors (10240K)
 Metaspace       used 31005K, committed 31744K, reserved 1114112K
  class space    used 3893K, committed 4224K, reserved 1048576K
}
Event: 3.590 GC heap before
{Heap before GC invocations=5 (full 0):
 garbage-first heap   total 129024K, used 62355K [0x000000070a000000, 0x0000000800000000)
  region size 2048K, 15 young (30720K), 5 survivors (10240K)
 Metaspace       used 35295K, committed 36096K, reserved 1114112K
  class space    used 4367K, committed 4736K, reserved 1048576K
}
Event: 3.598 GC heap after
{Heap after GC invocations=6 (full 0):
 garbage-first heap   total 129024K, used 47759K [0x000000070a000000, 0x0000000800000000)
  region size 2048K, 2 young (4096K), 2 survivors (4096K)
 Metaspace       used 35295K, committed 36096K, reserved 1114112K
  class space    used 4367K, committed 4736K, reserved 1048576K
}
Event: 3.615 GC heap before
{Heap before GC invocations=6 (full 0):
 garbage-first heap   total 129024K, used 47759K [0x000000070a000000, 0x0000000800000000)
  region size 2048K, 3 young (6144K), 2 survivors (4096K)
 Metaspace       used 35643K, committed 36416K, reserved 1114112K
  class space    used 4412K, committed 4800K, reserved 1048576K
}

